{"C:\\Users\\Hikmah-Adepoju\\inceptionu\\Miss-Buzzie\\src\\hooks\\use-mobile.tsx": {"path":"C:\\Users\\Hikmah-Adepoju\\inceptionu\\Miss-Buzzie\\src\\hooks\\use-mobile.tsx","statementMap":{"0":{"start":{"line":3,"column":26},"end":{"line":3,"column":null}},"1":{"start":{"line":6,"column":34},"end":{"line":6,"column":null}},"2":{"start":{"line":8,"column":2},"end":{"line":16,"column":null}},"3":{"start":{"line":9,"column":16},"end":{"line":9,"column":null}},"4":{"start":{"line":10,"column":21},"end":{"line":12,"column":null}},"5":{"start":{"line":11,"column":6},"end":{"line":11,"column":null}},"6":{"start":{"line":13,"column":4},"end":{"line":13,"column":null}},"7":{"start":{"line":14,"column":4},"end":{"line":14,"column":null}},"8":{"start":{"line":15,"column":4},"end":{"line":15,"column":null}},"9":{"start":{"line":15,"column":17},"end":{"line":15,"column":null}},"10":{"start":{"line":18,"column":2},"end":{"line":18,"column":null}}},"fnMap":{"0":{"name":"useIsMobile","decl":{"start":{"line":5,"column":16},"end":{"line":5,"column":null}},"loc":{"start":{"line":5,"column":16},"end":{"line":19,"column":null}},"line":5},"1":{"name":"(anonymous_1)","decl":{"start":{"line":8,"column":18},"end":{"line":8,"column":null}},"loc":{"start":{"line":8,"column":18},"end":{"line":16,"column":5}},"line":8},"2":{"name":"(anonymous_2)","decl":{"start":{"line":10,"column":21},"end":{"line":10,"column":null}},"loc":{"start":{"line":10,"column":21},"end":{"line":12,"column":null}},"line":10},"3":{"name":"(anonymous_3)","decl":{"start":{"line":15,"column":11},"end":{"line":15,"column":17}},"loc":{"start":{"line":15,"column":17},"end":{"line":15,"column":null}},"line":15}},"branchMap":{},"s":{"0":0,"1":0,"2":0,"3":0,"4":0,"5":0,"6":0,"7":0,"8":0,"9":0,"10":0},"f":{"0":0,"1":0,"2":0,"3":0},"b":{},"meta":{"lastBranch":0,"lastFunction":4,"lastStatement":11,"seen":{"s:3:26:3:Infinity":0,"f:5:16:5:Infinity":0,"s:6:34:6:Infinity":1,"s:8:2:16:Infinity":2,"f:8:18:8:Infinity":1,"s:9:16:9:Infinity":3,"s:10:21:12:Infinity":4,"f:10:21:10:Infinity":2,"s:11:6:11:Infinity":5,"s:13:4:13:Infinity":6,"s:14:4:14:Infinity":7,"s:15:4:15:Infinity":8,"f:15:11:15:17":3,"s:15:17:15:Infinity":9,"s:18:2:18:Infinity":10}}}
,"C:\\Users\\Hikmah-Adepoju\\inceptionu\\Miss-Buzzie\\src\\hooks\\use-toast.ts": {"path":"C:\\Users\\Hikmah-Adepoju\\inceptionu\\Miss-Buzzie\\src\\hooks\\use-toast.ts","statementMap":{"0":{"start":{"line":5,"column":20},"end":{"line":5,"column":null}},"1":{"start":{"line":6,"column":27},"end":{"line":6,"column":null}},"2":{"start":{"line":15,"column":20},"end":{"line":20,"column":null}},"3":{"start":{"line":22,"column":12},"end":{"line":22,"column":null}},"4":{"start":{"line":25,"column":2},"end":{"line":25,"column":null}},"5":{"start":{"line":26,"column":2},"end":{"line":26,"column":null}},"6":{"start":{"line":53,"column":22},"end":{"line":53,"column":null}},"7":{"start":{"line":55,"column":25},"end":{"line":69,"column":null}},"8":{"start":{"line":56,"column":2},"end":{"line":58,"column":null}},"9":{"start":{"line":57,"column":4},"end":{"line":57,"column":null}},"10":{"start":{"line":60,"column":18},"end":{"line":66,"column":null}},"11":{"start":{"line":61,"column":4},"end":{"line":61,"column":null}},"12":{"start":{"line":62,"column":4},"end":{"line":65,"column":null}},"13":{"start":{"line":68,"column":2},"end":{"line":68,"column":null}},"14":{"start":{"line":71,"column":23},"end":{"line":122,"column":null}},"15":{"start":{"line":72,"column":2},"end":{"line":121,"column":null}},"16":{"start":{"line":74,"column":6},"end":{"line":77,"column":null}},"17":{"start":{"line":80,"column":6},"end":{"line":83,"column":null}},"18":{"start":{"line":82,"column":41},"end":{"line":82,"column":null}},"19":{"start":{"line":86,"column":26},"end":{"line":86,"column":null}},"20":{"start":{"line":90,"column":6},"end":{"line":96,"column":null}},"21":{"start":{"line":91,"column":8},"end":{"line":91,"column":null}},"22":{"start":{"line":93,"column":8},"end":{"line":95,"column":null}},"23":{"start":{"line":94,"column":10},"end":{"line":94,"column":null}},"24":{"start":{"line":98,"column":6},"end":{"line":108,"column":null}},"25":{"start":{"line":101,"column":10},"end":{"line":106,"column":null}},"26":{"start":{"line":111,"column":6},"end":{"line":116,"column":null}},"27":{"start":{"line":112,"column":8},"end":{"line":115,"column":null}},"28":{"start":{"line":117,"column":6},"end":{"line":120,"column":null}},"29":{"start":{"line":119,"column":43},"end":{"line":119,"column":66}},"30":{"start":{"line":124,"column":49},"end":{"line":124,"column":51}},"31":{"start":{"line":126,"column":25},"end":{"line":126,"column":null}},"32":{"start":{"line":129,"column":2},"end":{"line":129,"column":null}},"33":{"start":{"line":130,"column":2},"end":{"line":132,"column":null}},"34":{"start":{"line":131,"column":4},"end":{"line":131,"column":null}},"35":{"start":{"line":138,"column":13},"end":{"line":138,"column":null}},"36":{"start":{"line":140,"column":17},"end":{"line":144,"column":null}},"37":{"start":{"line":141,"column":4},"end":{"line":144,"column":null}},"38":{"start":{"line":145,"column":18},"end":{"line":145,"column":null}},"39":{"start":{"line":145,"column":24},"end":{"line":145,"column":null}},"40":{"start":{"line":147,"column":2},"end":{"line":157,"column":null}},"41":{"start":{"line":154,"column":8},"end":{"line":154,"column":null}},"42":{"start":{"line":154,"column":19},"end":{"line":154,"column":null}},"43":{"start":{"line":159,"column":2},"end":{"line":163,"column":null}},"44":{"start":{"line":167,"column":28},"end":{"line":167,"column":null}},"45":{"start":{"line":169,"column":2},"end":{"line":177,"column":null}},"46":{"start":{"line":170,"column":4},"end":{"line":170,"column":null}},"47":{"start":{"line":171,"column":4},"end":{"line":176,"column":null}},"48":{"start":{"line":172,"column":20},"end":{"line":172,"column":null}},"49":{"start":{"line":173,"column":6},"end":{"line":175,"column":null}},"50":{"start":{"line":174,"column":8},"end":{"line":174,"column":null}},"51":{"start":{"line":179,"column":2},"end":{"line":183,"column":null}},"52":{"start":{"line":182,"column":35},"end":{"line":182,"column":null}}},"fnMap":{"0":{"name":"genId","decl":{"start":{"line":24,"column":9},"end":{"line":24,"column":null}},"loc":{"start":{"line":24,"column":9},"end":{"line":27,"column":null}},"line":24},"1":{"name":"(anonymous_1)","decl":{"start":{"line":55,"column":25},"end":{"line":55,"column":26}},"loc":{"start":{"line":55,"column":26},"end":{"line":69,"column":null}},"line":55},"2":{"name":"(anonymous_2)","decl":{"start":{"line":60,"column":29},"end":{"line":60,"column":null}},"loc":{"start":{"line":60,"column":29},"end":{"line":66,"column":5}},"line":60},"3":{"name":"(anonymous_3)","decl":{"start":{"line":71,"column":23},"end":{"line":71,"column":24}},"loc":{"start":{"line":71,"column":38},"end":{"line":122,"column":null}},"line":71},"4":{"name":"(anonymous_4)","decl":{"start":{"line":82,"column":33},"end":{"line":82,"column":34}},"loc":{"start":{"line":82,"column":41},"end":{"line":82,"column":null}},"line":82},"5":{"name":"(anonymous_5)","decl":{"start":{"line":93,"column":29},"end":{"line":93,"column":30}},"loc":{"start":{"line":93,"column":30},"end":{"line":95,"column":null}},"line":93},"6":{"name":"(anonymous_6)","decl":{"start":{"line":100,"column":33},"end":{"line":100,"column":34}},"loc":{"start":{"line":101,"column":10},"end":{"line":106,"column":null}},"line":101},"7":{"name":"(anonymous_7)","decl":{"start":{"line":119,"column":36},"end":{"line":119,"column":37}},"loc":{"start":{"line":119,"column":43},"end":{"line":119,"column":66}},"line":119},"8":{"name":"dispatch","decl":{"start":{"line":128,"column":9},"end":{"line":128,"column":18}},"loc":{"start":{"line":128,"column":32},"end":{"line":133,"column":null}},"line":128},"9":{"name":"(anonymous_9)","decl":{"start":{"line":130,"column":20},"end":{"line":130,"column":21}},"loc":{"start":{"line":130,"column":21},"end":{"line":132,"column":null}},"line":130},"10":{"name":"toast","decl":{"start":{"line":137,"column":9},"end":{"line":137,"column":15}},"loc":{"start":{"line":137,"column":34},"end":{"line":164,"column":null}},"line":137},"11":{"name":"(anonymous_11)","decl":{"start":{"line":140,"column":17},"end":{"line":140,"column":18}},"loc":{"start":{"line":141,"column":4},"end":{"line":144,"column":null}},"line":141},"12":{"name":"(anonymous_12)","decl":{"start":{"line":145,"column":18},"end":{"line":145,"column":24}},"loc":{"start":{"line":145,"column":24},"end":{"line":145,"column":null}},"line":145},"13":{"name":"(anonymous_13)","decl":{"start":{"line":153,"column":20},"end":{"line":153,"column":21}},"loc":{"start":{"line":153,"column":21},"end":{"line":155,"column":null}},"line":153},"14":{"name":"useToast","decl":{"start":{"line":166,"column":9},"end":{"line":166,"column":null}},"loc":{"start":{"line":166,"column":9},"end":{"line":184,"column":null}},"line":166},"15":{"name":"(anonymous_15)","decl":{"start":{"line":169,"column":18},"end":{"line":169,"column":null}},"loc":{"start":{"line":169,"column":18},"end":{"line":177,"column":5}},"line":169},"16":{"name":"(anonymous_16)","decl":{"start":{"line":171,"column":11},"end":{"line":171,"column":null}},"loc":{"start":{"line":171,"column":11},"end":{"line":176,"column":null}},"line":171},"17":{"name":"(anonymous_17)","decl":{"start":{"line":182,"column":13},"end":{"line":182,"column":14}},"loc":{"start":{"line":182,"column":35},"end":{"line":182,"column":null}},"line":182}},"branchMap":{"0":{"loc":{"start":{"line":56,"column":2},"end":{"line":58,"column":null}},"type":"if","locations":[{"start":{"line":56,"column":2},"end":{"line":58,"column":null}},{"start":{},"end":{}}],"line":56},"1":{"loc":{"start":{"line":72,"column":2},"end":{"line":121,"column":null}},"type":"switch","locations":[{"start":{"line":73,"column":4},"end":{"line":77,"column":null}},{"start":{"line":79,"column":4},"end":{"line":83,"column":null}},{"start":{"line":85,"column":4},"end":{"line":109,"column":null}},{"start":{"line":110,"column":4},"end":{"line":120,"column":null}}],"line":72},"2":{"loc":{"start":{"line":82,"column":41},"end":{"line":82,"column":null}},"type":"cond-expr","locations":[{"start":{"line":82,"column":68},"end":{"line":82,"column":96}},{"start":{"line":82,"column":96},"end":{"line":82,"column":null}}],"line":82},"3":{"loc":{"start":{"line":90,"column":6},"end":{"line":96,"column":null}},"type":"if","locations":[{"start":{"line":90,"column":6},"end":{"line":96,"column":null}},{"start":{"line":92,"column":13},"end":{"line":96,"column":null}}],"line":90},"4":{"loc":{"start":{"line":101,"column":10},"end":{"line":106,"column":null}},"type":"cond-expr","locations":[{"start":{"line":102,"column":14},"end":{"line":105,"column":null}},{"start":{"line":106,"column":14},"end":{"line":106,"column":null}}],"line":101},"5":{"loc":{"start":{"line":101,"column":10},"end":{"line":101,"column":null}},"type":"binary-expr","locations":[{"start":{"line":101,"column":10},"end":{"line":101,"column":30}},{"start":{"line":101,"column":30},"end":{"line":101,"column":null}}],"line":101},"6":{"loc":{"start":{"line":111,"column":6},"end":{"line":116,"column":null}},"type":"if","locations":[{"start":{"line":111,"column":6},"end":{"line":116,"column":null}},{"start":{},"end":{}}],"line":111},"7":{"loc":{"start":{"line":154,"column":8},"end":{"line":154,"column":null}},"type":"if","locations":[{"start":{"line":154,"column":8},"end":{"line":154,"column":null}},{"start":{},"end":{}}],"line":154},"8":{"loc":{"start":{"line":173,"column":6},"end":{"line":175,"column":null}},"type":"if","locations":[{"start":{"line":173,"column":6},"end":{"line":175,"column":null}},{"start":{},"end":{}}],"line":173}},"s":{"0":0,"1":0,"2":0,"3":0,"4":0,"5":0,"6":0,"7":0,"8":0,"9":0,"10":0,"11":0,"12":0,"13":0,"14":0,"15":0,"16":0,"17":0,"18":0,"19":0,"20":0,"21":0,"22":0,"23":0,"24":0,"25":0,"26":0,"27":0,"28":0,"29":0,"30":0,"31":0,"32":0,"33":0,"34":0,"35":0,"36":0,"37":0,"38":0,"39":0,"40":0,"41":0,"42":0,"43":0,"44":0,"45":0,"46":0,"47":0,"48":0,"49":0,"50":0,"51":0,"52":0},"f":{"0":0,"1":0,"2":0,"3":0,"4":0,"5":0,"6":0,"7":0,"8":0,"9":0,"10":0,"11":0,"12":0,"13":0,"14":0,"15":0,"16":0,"17":0},"b":{"0":[0,0],"1":[0,0,0,0],"2":[0,0],"3":[0,0],"4":[0,0],"5":[0,0],"6":[0,0],"7":[0,0],"8":[0,0]},"meta":{"lastBranch":9,"lastFunction":18,"lastStatement":53,"seen":{"s:5:20:5:Infinity":0,"s:6:27:6:Infinity":1,"s:15:20:20:Infinity":2,"s:22:12:22:Infinity":3,"f:24:9:24:Infinity":0,"s:25:2:25:Infinity":4,"s:26:2:26:Infinity":5,"s:53:22:53:Infinity":6,"s:55:25:69:Infinity":7,"f:55:25:55:26":1,"b:56:2:58:Infinity:undefined:undefined:undefined:undefined":0,"s:56:2:58:Infinity":8,"s:57:4:57:Infinity":9,"s:60:18:66:Infinity":10,"f:60:29:60:Infinity":2,"s:61:4:61:Infinity":11,"s:62:4:65:Infinity":12,"s:68:2:68:Infinity":13,"s:71:23:122:Infinity":14,"f:71:23:71:24":3,"b:73:4:77:Infinity:79:4:83:Infinity:85:4:109:Infinity:110:4:120:Infinity":1,"s:72:2:121:Infinity":15,"s:74:6:77:Infinity":16,"s:80:6:83:Infinity":17,"f:82:33:82:34":4,"s:82:41:82:Infinity":18,"b:82:68:82:96:82:96:82:Infinity":2,"s:86:26:86:Infinity":19,"b:90:6:96:Infinity:92:13:96:Infinity":3,"s:90:6:96:Infinity":20,"s:91:8:91:Infinity":21,"s:93:8:95:Infinity":22,"f:93:29:93:30":5,"s:94:10:94:Infinity":23,"s:98:6:108:Infinity":24,"f:100:33:100:34":6,"s:101:10:106:Infinity":25,"b:102:14:105:Infinity:106:14:106:Infinity":4,"b:101:10:101:30:101:30:101:Infinity":5,"b:111:6:116:Infinity:undefined:undefined:undefined:undefined":6,"s:111:6:116:Infinity":26,"s:112:8:115:Infinity":27,"s:117:6:120:Infinity":28,"f:119:36:119:37":7,"s:119:43:119:66":29,"s:124:49:124:51":30,"s:126:25:126:Infinity":31,"f:128:9:128:18":8,"s:129:2:129:Infinity":32,"s:130:2:132:Infinity":33,"f:130:20:130:21":9,"s:131:4:131:Infinity":34,"f:137:9:137:15":10,"s:138:13:138:Infinity":35,"s:140:17:144:Infinity":36,"f:140:17:140:18":11,"s:141:4:144:Infinity":37,"s:145:18:145:Infinity":38,"f:145:18:145:24":12,"s:145:24:145:Infinity":39,"s:147:2:157:Infinity":40,"f:153:20:153:21":13,"b:154:8:154:Infinity:undefined:undefined:undefined:undefined":7,"s:154:8:154:Infinity":41,"s:154:19:154:Infinity":42,"s:159:2:163:Infinity":43,"f:166:9:166:Infinity":14,"s:167:28:167:Infinity":44,"s:169:2:177:Infinity":45,"f:169:18:169:Infinity":15,"s:170:4:170:Infinity":46,"s:171:4:176:Infinity":47,"f:171:11:171:Infinity":16,"s:172:20:172:Infinity":48,"b:173:6:175:Infinity:undefined:undefined:undefined:undefined":8,"s:173:6:175:Infinity":49,"s:174:8:174:Infinity":50,"s:179:2:183:Infinity":51,"f:182:13:182:14":17,"s:182:35:182:Infinity":52}}}
,"C:\\Users\\Hikmah-Adepoju\\inceptionu\\Miss-Buzzie\\src\\hooks\\useBackgroundSync.ts": {"path":"C:\\Users\\Hikmah-Adepoju\\inceptionu\\Miss-Buzzie\\src\\hooks\\useBackgroundSync.ts","statementMap":{"0":{"start":{"line":33,"column":37},"end":{"line":33,"column":null}},"1":{"start":{"line":34,"column":31},"end":{"line":34,"column":null}},"2":{"start":{"line":35,"column":39},"end":{"line":35,"column":null}},"3":{"start":{"line":37,"column":2},"end":{"line":78,"column":null}},"4":{"start":{"line":39,"column":25},"end":{"line":50,"column":null}},"5":{"start":{"line":40,"column":6},"end":{"line":49,"column":null}},"6":{"start":{"line":41,"column":8},"end":{"line":48,"column":null}},"7":{"start":{"line":42,"column":31},"end":{"line":42,"column":66}},"8":{"start":{"line":43,"column":10},"end":{"line":45,"column":null}},"9":{"start":{"line":44,"column":12},"end":{"line":44,"column":null}},"10":{"start":{"line":47,"column":10},"end":{"line":47,"column":null}},"11":{"start":{"line":52,"column":4},"end":{"line":52,"column":null}},"12":{"start":{"line":55,"column":25},"end":{"line":59,"column":null}},"13":{"start":{"line":56,"column":6},"end":{"line":56,"column":null}},"14":{"start":{"line":58,"column":6},"end":{"line":58,"column":null}},"15":{"start":{"line":61,"column":26},"end":{"line":63,"column":null}},"16":{"start":{"line":62,"column":6},"end":{"line":62,"column":null}},"17":{"start":{"line":65,"column":4},"end":{"line":65,"column":null}},"18":{"start":{"line":66,"column":4},"end":{"line":66,"column":null}},"19":{"start":{"line":69,"column":26},"end":{"line":69,"column":null}},"20":{"start":{"line":70,"column":4},"end":{"line":72,"column":null}},"21":{"start":{"line":71,"column":6},"end":{"line":71,"column":null}},"22":{"start":{"line":74,"column":4},"end":{"line":77,"column":null}},"23":{"start":{"line":75,"column":6},"end":{"line":75,"column":null}},"24":{"start":{"line":76,"column":6},"end":{"line":76,"column":null}},"25":{"start":{"line":80,"column":32},"end":{"line":119,"column":null}},"26":{"start":{"line":81,"column":4},"end":{"line":81,"column":null}},"27":{"start":{"line":81,"column":45},"end":{"line":81,"column":null}},"28":{"start":{"line":84,"column":35},"end":{"line":96,"column":null}},"29":{"start":{"line":99,"column":4},"end":{"line":102,"column":null}},"30":{"start":{"line":105,"column":16},"end":{"line":105,"column":null}},"31":{"start":{"line":106,"column":4},"end":{"line":106,"column":null}},"32":{"start":{"line":107,"column":4},"end":{"line":107,"column":null}},"33":{"start":{"line":110,"column":4},"end":{"line":118,"column":null}},"34":{"start":{"line":111,"column":6},"end":{"line":117,"column":null}},"35":{"start":{"line":112,"column":29},"end":{"line":112,"column":64}},"36":{"start":{"line":113,"column":8},"end":{"line":113,"column":null}},"37":{"start":{"line":114,"column":8},"end":{"line":114,"column":null}},"38":{"start":{"line":116,"column":8},"end":{"line":116,"column":null}},"39":{"start":{"line":121,"column":8},"end":{"line":123,"column":null}},"40":{"start":{"line":122,"column":4},"end":{"line":122,"column":null}},"41":{"start":{"line":125,"column":2},"end":{"line":130,"column":null}}},"fnMap":{"0":{"name":"useBackgroundSync","decl":{"start":{"line":32,"column":16},"end":{"line":32,"column":null}},"loc":{"start":{"line":32,"column":16},"end":{"line":131,"column":null}},"line":32},"1":{"name":"(anonymous_1)","decl":{"start":{"line":37,"column":12},"end":{"line":37,"column":null}},"loc":{"start":{"line":37,"column":12},"end":{"line":78,"column":5}},"line":37},"2":{"name":"(anonymous_2)","decl":{"start":{"line":39,"column":25},"end":{"line":39,"column":null}},"loc":{"start":{"line":39,"column":25},"end":{"line":50,"column":null}},"line":39},"3":{"name":"(anonymous_3)","decl":{"start":{"line":55,"column":25},"end":{"line":55,"column":null}},"loc":{"start":{"line":55,"column":25},"end":{"line":59,"column":null}},"line":55},"4":{"name":"(anonymous_4)","decl":{"start":{"line":61,"column":26},"end":{"line":61,"column":null}},"loc":{"start":{"line":61,"column":26},"end":{"line":63,"column":null}},"line":61},"5":{"name":"(anonymous_5)","decl":{"start":{"line":74,"column":11},"end":{"line":74,"column":null}},"loc":{"start":{"line":74,"column":11},"end":{"line":77,"column":null}},"line":74},"6":{"name":"(anonymous_6)","decl":{"start":{"line":80,"column":32},"end":{"line":80,"column":null}},"loc":{"start":{"line":80,"column":32},"end":{"line":119,"column":null}},"line":80},"7":{"name":"(anonymous_7)","decl":{"start":{"line":121,"column":36},"end":{"line":121,"column":null}},"loc":{"start":{"line":121,"column":36},"end":{"line":123,"column":5}},"line":121}},"branchMap":{"0":{"loc":{"start":{"line":40,"column":6},"end":{"line":49,"column":null}},"type":"if","locations":[{"start":{"line":40,"column":6},"end":{"line":49,"column":null}},{"start":{},"end":{}}],"line":40},"1":{"loc":{"start":{"line":40,"column":10},"end":{"line":40,"column":67}},"type":"binary-expr","locations":[{"start":{"line":40,"column":10},"end":{"line":40,"column":42}},{"start":{"line":40,"column":42},"end":{"line":40,"column":67}}],"line":40},"2":{"loc":{"start":{"line":43,"column":10},"end":{"line":45,"column":null}},"type":"if","locations":[{"start":{"line":43,"column":10},"end":{"line":45,"column":null}},{"start":{},"end":{}}],"line":43},"3":{"loc":{"start":{"line":70,"column":4},"end":{"line":72,"column":null}},"type":"if","locations":[{"start":{"line":70,"column":4},"end":{"line":72,"column":null}},{"start":{},"end":{}}],"line":70},"4":{"loc":{"start":{"line":81,"column":4},"end":{"line":81,"column":null}},"type":"if","locations":[{"start":{"line":81,"column":4},"end":{"line":81,"column":null}},{"start":{},"end":{}}],"line":81},"5":{"loc":{"start":{"line":85,"column":14},"end":{"line":85,"column":null}},"type":"binary-expr","locations":[{"start":{"line":85,"column":14},"end":{"line":85,"column":55}},{"start":{"line":85,"column":55},"end":{"line":85,"column":null}}],"line":85},"6":{"loc":{"start":{"line":86,"column":17},"end":{"line":86,"column":null}},"type":"binary-expr","locations":[{"start":{"line":86,"column":17},"end":{"line":86,"column":62}},{"start":{"line":86,"column":62},"end":{"line":86,"column":null}}],"line":86},"7":{"loc":{"start":{"line":87,"column":15},"end":{"line":87,"column":null}},"type":"binary-expr","locations":[{"start":{"line":87,"column":15},"end":{"line":87,"column":57}},{"start":{"line":87,"column":57},"end":{"line":87,"column":null}}],"line":87},"8":{"loc":{"start":{"line":88,"column":16},"end":{"line":88,"column":null}},"type":"binary-expr","locations":[{"start":{"line":88,"column":16},"end":{"line":88,"column":60}},{"start":{"line":88,"column":60},"end":{"line":88,"column":null}}],"line":88},"9":{"loc":{"start":{"line":89,"column":17},"end":{"line":89,"column":null}},"type":"binary-expr","locations":[{"start":{"line":89,"column":17},"end":{"line":89,"column":61}},{"start":{"line":89,"column":61},"end":{"line":89,"column":null}}],"line":89},"10":{"loc":{"start":{"line":90,"column":19},"end":{"line":90,"column":null}},"type":"binary-expr","locations":[{"start":{"line":90,"column":19},"end":{"line":90,"column":65}},{"start":{"line":90,"column":65},"end":{"line":90,"column":null}}],"line":90},"11":{"loc":{"start":{"line":91,"column":19},"end":{"line":91,"column":null}},"type":"binary-expr","locations":[{"start":{"line":91,"column":19},"end":{"line":91,"column":66}},{"start":{"line":91,"column":66},"end":{"line":91,"column":null}}],"line":91},"12":{"loc":{"start":{"line":92,"column":22},"end":{"line":92,"column":null}},"type":"binary-expr","locations":[{"start":{"line":92,"column":22},"end":{"line":92,"column":72}},{"start":{"line":92,"column":72},"end":{"line":92,"column":null}}],"line":92},"13":{"loc":{"start":{"line":93,"column":12},"end":{"line":93,"column":null}},"type":"binary-expr","locations":[{"start":{"line":93,"column":12},"end":{"line":93,"column":51}},{"start":{"line":93,"column":51},"end":{"line":93,"column":null}}],"line":93},"14":{"loc":{"start":{"line":94,"column":15},"end":{"line":94,"column":null}},"type":"binary-expr","locations":[{"start":{"line":94,"column":15},"end":{"line":94,"column":57}},{"start":{"line":94,"column":57},"end":{"line":94,"column":null}}],"line":94},"15":{"loc":{"start":{"line":110,"column":4},"end":{"line":118,"column":null}},"type":"if","locations":[{"start":{"line":110,"column":4},"end":{"line":118,"column":null}},{"start":{},"end":{}}],"line":110}},"s":{"0":0,"1":0,"2":0,"3":0,"4":0,"5":0,"6":0,"7":0,"8":0,"9":0,"10":0,"11":0,"12":0,"13":0,"14":0,"15":0,"16":0,"17":0,"18":0,"19":0,"20":0,"21":0,"22":0,"23":0,"24":0,"25":0,"26":0,"27":0,"28":0,"29":0,"30":0,"31":0,"32":0,"33":0,"34":0,"35":0,"36":0,"37":0,"38":0,"39":0,"40":0,"41":0},"f":{"0":0,"1":0,"2":0,"3":0,"4":0,"5":0,"6":0,"7":0},"b":{"0":[0,0],"1":[0,0],"2":[0,0],"3":[0,0],"4":[0,0],"5":[0,0],"6":[0,0],"7":[0,0],"8":[0,0],"9":[0,0],"10":[0,0],"11":[0,0],"12":[0,0],"13":[0,0],"14":[0,0],"15":[0,0]},"meta":{"lastBranch":16,"lastFunction":8,"lastStatement":42,"seen":{"f:32:16:32:Infinity":0,"s:33:37:33:Infinity":0,"s:34:31:34:Infinity":1,"s:35:39:35:Infinity":2,"s:37:2:78:Infinity":3,"f:37:12:37:Infinity":1,"s:39:25:50:Infinity":4,"f:39:25:39:Infinity":2,"b:40:6:49:Infinity:undefined:undefined:undefined:undefined":0,"s:40:6:49:Infinity":5,"b:40:10:40:42:40:42:40:67":1,"s:41:8:48:Infinity":6,"s:42:31:42:66":7,"b:43:10:45:Infinity:undefined:undefined:undefined:undefined":2,"s:43:10:45:Infinity":8,"s:44:12:44:Infinity":9,"s:47:10:47:Infinity":10,"s:52:4:52:Infinity":11,"s:55:25:59:Infinity":12,"f:55:25:55:Infinity":3,"s:56:6:56:Infinity":13,"s:58:6:58:Infinity":14,"s:61:26:63:Infinity":15,"f:61:26:61:Infinity":4,"s:62:6:62:Infinity":16,"s:65:4:65:Infinity":17,"s:66:4:66:Infinity":18,"s:69:26:69:Infinity":19,"b:70:4:72:Infinity:undefined:undefined:undefined:undefined":3,"s:70:4:72:Infinity":20,"s:71:6:71:Infinity":21,"s:74:4:77:Infinity":22,"f:74:11:74:Infinity":5,"s:75:6:75:Infinity":23,"s:76:6:76:Infinity":24,"s:80:32:119:Infinity":25,"f:80:32:80:Infinity":6,"b:81:4:81:Infinity:undefined:undefined:undefined:undefined":4,"s:81:4:81:Infinity":26,"s:81:45:81:Infinity":27,"s:84:35:96:Infinity":28,"b:85:14:85:55:85:55:85:Infinity":5,"b:86:17:86:62:86:62:86:Infinity":6,"b:87:15:87:57:87:57:87:Infinity":7,"b:88:16:88:60:88:60:88:Infinity":8,"b:89:17:89:61:89:61:89:Infinity":9,"b:90:19:90:65:90:65:90:Infinity":10,"b:91:19:91:66:91:66:91:Infinity":11,"b:92:22:92:72:92:72:92:Infinity":12,"b:93:12:93:51:93:51:93:Infinity":13,"b:94:15:94:57:94:57:94:Infinity":14,"s:99:4:102:Infinity":29,"s:105:16:105:Infinity":30,"s:106:4:106:Infinity":31,"s:107:4:107:Infinity":32,"b:110:4:118:Infinity:undefined:undefined:undefined:undefined":15,"s:110:4:118:Infinity":33,"s:111:6:117:Infinity":34,"s:112:29:112:64":35,"s:113:8:113:Infinity":36,"s:114:8:114:Infinity":37,"s:116:8:116:Infinity":38,"s:121:8:123:Infinity":39,"f:121:36:121:Infinity":7,"s:122:4:122:Infinity":40,"s:125:2:130:Infinity":41}}}
,"C:\\Users\\Hikmah-Adepoju\\inceptionu\\Miss-Buzzie\\src\\hooks\\useExport.ts": {"path":"C:\\Users\\Hikmah-Adepoju\\inceptionu\\Miss-Buzzie\\src\\hooks\\useExport.ts","statementMap":{"0":{"start":{"line":26,"column":17},"end":{"line":26,"column":null}},"1":{"start":{"line":27,"column":37},"end":{"line":27,"column":null}},"2":{"start":{"line":29,"column":8},"end":{"line":31,"column":null}},"3":{"start":{"line":30,"column":4},"end":{"line":30,"column":null}},"4":{"start":{"line":33,"column":8},"end":{"line":45,"column":null}},"5":{"start":{"line":34,"column":20},"end":{"line":34,"column":null}},"6":{"start":{"line":35,"column":4},"end":{"line":37,"column":null}},"7":{"start":{"line":36,"column":6},"end":{"line":36,"column":null}},"8":{"start":{"line":39,"column":4},"end":{"line":44,"column":null}},"9":{"start":{"line":47,"column":8},"end":{"line":71,"column":null}},"10":{"start":{"line":48,"column":4},"end":{"line":48,"column":null}},"11":{"start":{"line":49,"column":4},"end":{"line":70,"column":null}},"12":{"start":{"line":50,"column":21},"end":{"line":50,"column":null}},"13":{"start":{"line":52,"column":19},"end":{"line":52,"column":null}},"14":{"start":{"line":53,"column":6},"end":{"line":53,"column":null}},"15":{"start":{"line":54,"column":6},"end":{"line":54,"column":null}},"16":{"start":{"line":55,"column":6},"end":{"line":55,"column":null}},"17":{"start":{"line":57,"column":6},"end":{"line":60,"column":null}},"18":{"start":{"line":62,"column":6},"end":{"line":62,"column":null}},"19":{"start":{"line":63,"column":6},"end":{"line":67,"column":null}},"20":{"start":{"line":69,"column":6},"end":{"line":69,"column":null}},"21":{"start":{"line":73,"column":8},"end":{"line":124,"column":null}},"22":{"start":{"line":74,"column":4},"end":{"line":74,"column":null}},"23":{"start":{"line":75,"column":4},"end":{"line":123,"column":null}},"24":{"start":{"line":76,"column":21},"end":{"line":76,"column":null}},"25":{"start":{"line":78,"column":23},"end":{"line":78,"column":28}},"26":{"start":{"line":79,"column":24},"end":{"line":79,"column":65}},"27":{"start":{"line":80,"column":25},"end":{"line":80,"column":30}},"28":{"start":{"line":82,"column":18},"end":{"line":86,"column":null}},"29":{"start":{"line":88,"column":22},"end":{"line":88,"column":null}},"30":{"start":{"line":91,"column":6},"end":{"line":106,"column":null}},"31":{"start":{"line":92,"column":25},"end":{"line":92,"column":null}},"32":{"start":{"line":93,"column":23},"end":{"line":93,"column":null}},"33":{"start":{"line":95,"column":8},"end":{"line":95,"column":null}},"34":{"start":{"line":96,"column":8},"end":{"line":96,"column":null}},"35":{"start":{"line":98,"column":8},"end":{"line":103,"column":null}},"36":{"start":{"line":99,"column":10},"end":{"line":99,"column":null}},"37":{"start":{"line":100,"column":10},"end":{"line":100,"column":null}},"38":{"start":{"line":101,"column":10},"end":{"line":101,"column":null}},"39":{"start":{"line":102,"column":10},"end":{"line":102,"column":null}},"40":{"start":{"line":105,"column":8},"end":{"line":105,"column":null}},"41":{"start":{"line":108,"column":6},"end":{"line":108,"column":null}},"42":{"start":{"line":110,"column":6},"end":{"line":113,"column":null}},"43":{"start":{"line":115,"column":6},"end":{"line":115,"column":null}},"44":{"start":{"line":116,"column":6},"end":{"line":120,"column":null}},"45":{"start":{"line":122,"column":6},"end":{"line":122,"column":null}},"46":{"start":{"line":126,"column":2},"end":{"line":126,"column":null}}},"fnMap":{"0":{"name":"useExport","decl":{"start":{"line":25,"column":16},"end":{"line":25,"column":26}},"loc":{"start":{"line":25,"column":78},"end":{"line":127,"column":null}},"line":25},"1":{"name":"(anonymous_1)","decl":{"start":{"line":29,"column":41},"end":{"line":29,"column":null}},"loc":{"start":{"line":29,"column":41},"end":{"line":31,"column":5}},"line":29},"2":{"name":"(anonymous_2)","decl":{"start":{"line":33,"column":37},"end":{"line":33,"column":null}},"loc":{"start":{"line":33,"column":37},"end":{"line":45,"column":5}},"line":33},"3":{"name":"(anonymous_3)","decl":{"start":{"line":47,"column":32},"end":{"line":47,"column":null}},"loc":{"start":{"line":47,"column":32},"end":{"line":71,"column":5}},"line":47},"4":{"name":"(anonymous_4)","decl":{"start":{"line":73,"column":32},"end":{"line":73,"column":null}},"loc":{"start":{"line":73,"column":32},"end":{"line":124,"column":5}},"line":73}},"branchMap":{"0":{"loc":{"start":{"line":25,"column":49},"end":{"line":25,"column":58}},"type":"default-arg","locations":[{"start":{"line":25,"column":57},"end":{"line":25,"column":58}}],"line":25},"1":{"loc":{"start":{"line":30,"column":11},"end":{"line":30,"column":null}},"type":"cond-expr","locations":[{"start":{"line":30,"column":65},"end":{"line":30,"column":77}},{"start":{"line":30,"column":77},"end":{"line":30,"column":null}}],"line":30},"2":{"loc":{"start":{"line":35,"column":4},"end":{"line":37,"column":null}},"type":"if","locations":[{"start":{"line":35,"column":4},"end":{"line":37,"column":null}},{"start":{},"end":{}}],"line":35},"3":{"loc":{"start":{"line":91,"column":6},"end":{"line":106,"column":null}},"type":"if","locations":[{"start":{"line":91,"column":6},"end":{"line":106,"column":null}},{"start":{"line":104,"column":13},"end":{"line":106,"column":null}}],"line":91}},"s":{"0":14,"1":14,"2":14,"3":4,"4":14,"5":6,"6":6,"7":2,"8":4,"9":14,"10":4,"11":4,"12":4,"13":3,"14":3,"15":3,"16":3,"17":3,"18":1,"19":1,"20":4,"21":14,"22":2,"23":2,"24":2,"25":1,"26":1,"27":1,"28":1,"29":1,"30":1,"31":0,"32":0,"33":0,"34":0,"35":0,"36":0,"37":0,"38":0,"39":0,"40":1,"41":1,"42":1,"43":1,"44":1,"45":2,"46":14},"f":{"0":14,"1":4,"2":6,"3":4,"4":2},"b":{"0":[14],"1":[0,4],"2":[2,4],"3":[0,1]},"meta":{"lastBranch":4,"lastFunction":5,"lastStatement":47,"seen":{"f:25:16:25:26":0,"b:25:57:25:58":0,"s:26:17:26:Infinity":0,"s:27:37:27:Infinity":1,"s:29:8:31:Infinity":2,"f:29:41:29:Infinity":1,"s:30:4:30:Infinity":3,"b:30:65:30:77:30:77:30:Infinity":1,"s:33:8:45:Infinity":4,"f:33:37:33:Infinity":2,"s:34:20:34:Infinity":5,"b:35:4:37:Infinity:undefined:undefined:undefined:undefined":2,"s:35:4:37:Infinity":6,"s:36:6:36:Infinity":7,"s:39:4:44:Infinity":8,"s:47:8:71:Infinity":9,"f:47:32:47:Infinity":3,"s:48:4:48:Infinity":10,"s:49:4:70:Infinity":11,"s:50:21:50:Infinity":12,"s:52:19:52:Infinity":13,"s:53:6:53:Infinity":14,"s:54:6:54:Infinity":15,"s:55:6:55:Infinity":16,"s:57:6:60:Infinity":17,"s:62:6:62:Infinity":18,"s:63:6:67:Infinity":19,"s:69:6:69:Infinity":20,"s:73:8:124:Infinity":21,"f:73:32:73:Infinity":4,"s:74:4:74:Infinity":22,"s:75:4:123:Infinity":23,"s:76:21:76:Infinity":24,"s:78:23:78:28":25,"s:79:24:79:65":26,"s:80:25:80:30":27,"s:82:18:86:Infinity":28,"s:88:22:88:Infinity":29,"b:91:6:106:Infinity:104:13:106:Infinity":3,"s:91:6:106:Infinity":30,"s:92:25:92:Infinity":31,"s:93:23:93:Infinity":32,"s:95:8:95:Infinity":33,"s:96:8:96:Infinity":34,"s:98:8:103:Infinity":35,"s:99:10:99:Infinity":36,"s:100:10:100:Infinity":37,"s:101:10:101:Infinity":38,"s:102:10:102:Infinity":39,"s:105:8:105:Infinity":40,"s:108:6:108:Infinity":41,"s:110:6:113:Infinity":42,"s:115:6:115:Infinity":43,"s:116:6:120:Infinity":44,"s:122:6:122:Infinity":45,"s:126:2:126:Infinity":46}}}
,"C:\\Users\\Hikmah-Adepoju\\inceptionu\\Miss-Buzzie\\src\\hooks\\useLocalStorage.ts": {"path":"C:\\Users\\Hikmah-Adepoju\\inceptionu\\Miss-Buzzie\\src\\hooks\\useLocalStorage.ts","statementMap":{"0":{"start":{"line":30,"column":70},"end":{"line":30,"column":null}},"1":{"start":{"line":31,"column":23},"end":{"line":31,"column":null}},"2":{"start":{"line":32,"column":33},"end":{"line":32,"column":null}},"3":{"start":{"line":33,"column":8},"end":{"line":33,"column":null}},"4":{"start":{"line":34,"column":8},"end":{"line":34,"column":null}},"5":{"start":{"line":37,"column":2},"end":{"line":69,"column":null}},"6":{"start":{"line":38,"column":4},"end":{"line":68,"column":null}},"7":{"start":{"line":39,"column":20},"end":{"line":39,"column":null}},"8":{"start":{"line":40,"column":6},"end":{"line":61,"column":null}},"9":{"start":{"line":41,"column":21},"end":{"line":41,"column":null}},"10":{"start":{"line":44,"column":8},"end":{"line":46,"column":null}},"11":{"start":{"line":45,"column":10},"end":{"line":45,"column":null}},"12":{"start":{"line":49,"column":8},"end":{"line":60,"column":null}},"13":{"start":{"line":50,"column":25},"end":{"line":50,"column":null}},"14":{"start":{"line":51,"column":10},"end":{"line":57,"column":null}},"15":{"start":{"line":52,"column":12},"end":{"line":52,"column":null}},"16":{"start":{"line":54,"column":12},"end":{"line":54,"column":null}},"17":{"start":{"line":55,"column":12},"end":{"line":55,"column":null}},"18":{"start":{"line":59,"column":10},"end":{"line":59,"column":null}},"19":{"start":{"line":63,"column":6},"end":{"line":63,"column":null}},"20":{"start":{"line":64,"column":6},"end":{"line":64,"column":null}},"21":{"start":{"line":67,"column":6},"end":{"line":67,"column":null}},"22":{"start":{"line":72,"column":8},"end":{"line":80,"column":null}},"23":{"start":{"line":73,"column":4},"end":{"line":79,"column":null}},"24":{"start":{"line":74,"column":6},"end":{"line":74,"column":null}},"25":{"start":{"line":75,"column":6},"end":{"line":75,"column":null}},"26":{"start":{"line":77,"column":6},"end":{"line":77,"column":null}},"27":{"start":{"line":78,"column":6},"end":{"line":78,"column":null}},"28":{"start":{"line":83,"column":2},"end":{"line":111,"column":null}},"29":{"start":{"line":85,"column":4},"end":{"line":88,"column":null}},"30":{"start":{"line":86,"column":6},"end":{"line":86,"column":null}},"31":{"start":{"line":87,"column":6},"end":{"line":87,"column":null}},"32":{"start":{"line":91,"column":4},"end":{"line":93,"column":null}},"33":{"start":{"line":92,"column":6},"end":{"line":92,"column":null}},"34":{"start":{"line":96,"column":4},"end":{"line":103,"column":null}},"35":{"start":{"line":97,"column":6},"end":{"line":99,"column":null}},"36":{"start":{"line":98,"column":8},"end":{"line":98,"column":null}},"37":{"start":{"line":102,"column":6},"end":{"line":102,"column":null}},"38":{"start":{"line":106,"column":4},"end":{"line":110,"column":null}},"39":{"start":{"line":107,"column":6},"end":{"line":109,"column":null}},"40":{"start":{"line":108,"column":8},"end":{"line":108,"column":null}},"41":{"start":{"line":114,"column":8},"end":{"line":119,"column":null}},"42":{"start":{"line":115,"column":4},"end":{"line":117,"column":null}},"43":{"start":{"line":116,"column":6},"end":{"line":116,"column":null}},"44":{"start":{"line":118,"column":4},"end":{"line":118,"column":null}},"45":{"start":{"line":121,"column":2},"end":{"line":121,"column":null}}},"fnMap":{"0":{"name":"useLocalStorage","decl":{"start":{"line":25,"column":16},"end":{"line":25,"column":null}},"loc":{"start":{"line":28,"column":41},"end":{"line":122,"column":null}},"line":28},"1":{"name":"(anonymous_1)","decl":{"start":{"line":37,"column":12},"end":{"line":37,"column":null}},"loc":{"start":{"line":37,"column":12},"end":{"line":69,"column":5}},"line":37},"2":{"name":"(anonymous_2)","decl":{"start":{"line":72,"column":36},"end":{"line":72,"column":null}},"loc":{"start":{"line":72,"column":36},"end":{"line":80,"column":5}},"line":72},"3":{"name":"(anonymous_3)","decl":{"start":{"line":83,"column":12},"end":{"line":83,"column":null}},"loc":{"start":{"line":83,"column":12},"end":{"line":111,"column":5}},"line":83},"4":{"name":"(anonymous_4)","decl":{"start":{"line":97,"column":44},"end":{"line":97,"column":null}},"loc":{"start":{"line":97,"column":44},"end":{"line":99,"column":9}},"line":97},"5":{"name":"(anonymous_5)","decl":{"start":{"line":106,"column":11},"end":{"line":106,"column":null}},"loc":{"start":{"line":106,"column":11},"end":{"line":110,"column":null}},"line":106},"6":{"name":"(anonymous_6)","decl":{"start":{"line":114,"column":27},"end":{"line":114,"column":null}},"loc":{"start":{"line":114,"column":27},"end":{"line":119,"column":5}},"line":114}},"branchMap":{"0":{"loc":{"start":{"line":28,"column":2},"end":{"line":28,"column":41}},"type":"default-arg","locations":[{"start":{"line":28,"column":39},"end":{"line":28,"column":41}}],"line":28},"1":{"loc":{"start":{"line":30,"column":18},"end":{"line":30,"column":32}},"type":"default-arg","locations":[{"start":{"line":30,"column":31},"end":{"line":30,"column":32}}],"line":30},"2":{"loc":{"start":{"line":40,"column":6},"end":{"line":61,"column":null}},"type":"if","locations":[{"start":{"line":40,"column":6},"end":{"line":61,"column":null}},{"start":{},"end":{}}],"line":40},"3":{"loc":{"start":{"line":44,"column":8},"end":{"line":46,"column":null}},"type":"if","locations":[{"start":{"line":44,"column":8},"end":{"line":46,"column":null}},{"start":{},"end":{}}],"line":44},"4":{"loc":{"start":{"line":49,"column":8},"end":{"line":60,"column":null}},"type":"if","locations":[{"start":{"line":49,"column":8},"end":{"line":60,"column":null}},{"start":{"line":58,"column":15},"end":{"line":60,"column":null}}],"line":49},"5":{"loc":{"start":{"line":51,"column":10},"end":{"line":57,"column":null}},"type":"if","locations":[{"start":{"line":51,"column":10},"end":{"line":57,"column":null}},{"start":{"line":53,"column":17},"end":{"line":57,"column":null}}],"line":51},"6":{"loc":{"start":{"line":64,"column":16},"end":{"line":64,"column":null}},"type":"cond-expr","locations":[{"start":{"line":64,"column":41},"end":{"line":64,"column":49}},{"start":{"line":64,"column":49},"end":{"line":64,"column":null}}],"line":64},"7":{"loc":{"start":{"line":78,"column":16},"end":{"line":78,"column":null}},"type":"cond-expr","locations":[{"start":{"line":78,"column":41},"end":{"line":78,"column":49}},{"start":{"line":78,"column":49},"end":{"line":78,"column":null}}],"line":78},"8":{"loc":{"start":{"line":85,"column":4},"end":{"line":88,"column":null}},"type":"if","locations":[{"start":{"line":85,"column":4},"end":{"line":88,"column":null}},{"start":{},"end":{}}],"line":85},"9":{"loc":{"start":{"line":91,"column":4},"end":{"line":93,"column":null}},"type":"if","locations":[{"start":{"line":91,"column":4},"end":{"line":93,"column":null}},{"start":{},"end":{}}],"line":91},"10":{"loc":{"start":{"line":96,"column":4},"end":{"line":103,"column":null}},"type":"if","locations":[{"start":{"line":96,"column":4},"end":{"line":103,"column":null}},{"start":{"line":100,"column":11},"end":{"line":103,"column":null}}],"line":96},"11":{"loc":{"start":{"line":107,"column":6},"end":{"line":109,"column":null}},"type":"if","locations":[{"start":{"line":107,"column":6},"end":{"line":109,"column":null}},{"start":{},"end":{}}],"line":107},"12":{"loc":{"start":{"line":115,"column":4},"end":{"line":117,"column":null}},"type":"if","locations":[{"start":{"line":115,"column":4},"end":{"line":117,"column":null}},{"start":{},"end":{}}],"line":115}},"s":{"0":22,"1":22,"2":22,"3":22,"4":22,"5":22,"6":10,"7":10,"8":10,"9":8,"10":8,"11":1,"12":6,"13":3,"14":3,"15":2,"16":1,"17":1,"18":3,"19":2,"20":2,"21":10,"22":22,"23":7,"24":7,"25":7,"26":0,"27":0,"28":22,"29":17,"30":10,"31":10,"32":7,"33":0,"34":7,"35":0,"36":0,"37":7,"38":7,"39":7,"40":0,"41":22,"42":0,"43":0,"44":0,"45":22},"f":{"0":22,"1":10,"2":7,"3":17,"4":0,"5":7,"6":0},"b":{"0":[22],"1":[22],"2":[8,2],"3":[1,7],"4":[3,3],"5":[2,1],"6":[1,0],"7":[0,0],"8":[10,7],"9":[0,7],"10":[0,7],"11":[0,7],"12":[0,0]},"meta":{"lastBranch":13,"lastFunction":7,"lastStatement":46,"seen":{"f:25:16:25:Infinity":0,"b:28:39:28:41":0,"s:30:70:30:Infinity":0,"b:30:31:30:32":1,"s:31:23:31:Infinity":1,"s:32:33:32:Infinity":2,"s:33:8:33:Infinity":3,"s:34:8:34:Infinity":4,"s:37:2:69:Infinity":5,"f:37:12:37:Infinity":1,"s:38:4:68:Infinity":6,"s:39:20:39:Infinity":7,"b:40:6:61:Infinity:undefined:undefined:undefined:undefined":2,"s:40:6:61:Infinity":8,"s:41:21:41:Infinity":9,"b:44:8:46:Infinity:undefined:undefined:undefined:undefined":3,"s:44:8:46:Infinity":10,"s:45:10:45:Infinity":11,"b:49:8:60:Infinity:58:15:60:Infinity":4,"s:49:8:60:Infinity":12,"s:50:25:50:Infinity":13,"b:51:10:57:Infinity:53:17:57:Infinity":5,"s:51:10:57:Infinity":14,"s:52:12:52:Infinity":15,"s:54:12:54:Infinity":16,"s:55:12:55:Infinity":17,"s:59:10:59:Infinity":18,"s:63:6:63:Infinity":19,"s:64:6:64:Infinity":20,"b:64:41:64:49:64:49:64:Infinity":6,"s:67:6:67:Infinity":21,"s:72:8:80:Infinity":22,"f:72:36:72:Infinity":2,"s:73:4:79:Infinity":23,"s:74:6:74:Infinity":24,"s:75:6:75:Infinity":25,"s:77:6:77:Infinity":26,"s:78:6:78:Infinity":27,"b:78:41:78:49:78:49:78:Infinity":7,"s:83:2:111:Infinity":28,"f:83:12:83:Infinity":3,"b:85:4:88:Infinity:undefined:undefined:undefined:undefined":8,"s:85:4:88:Infinity":29,"s:86:6:86:Infinity":30,"s:87:6:87:Infinity":31,"b:91:4:93:Infinity:undefined:undefined:undefined:undefined":9,"s:91:4:93:Infinity":32,"s:92:6:92:Infinity":33,"b:96:4:103:Infinity:100:11:103:Infinity":10,"s:96:4:103:Infinity":34,"s:97:6:99:Infinity":35,"f:97:44:97:Infinity":4,"s:98:8:98:Infinity":36,"s:102:6:102:Infinity":37,"s:106:4:110:Infinity":38,"f:106:11:106:Infinity":5,"b:107:6:109:Infinity:undefined:undefined:undefined:undefined":11,"s:107:6:109:Infinity":39,"s:108:8:108:Infinity":40,"s:114:8:119:Infinity":41,"f:114:27:114:Infinity":6,"b:115:4:117:Infinity:undefined:undefined:undefined:undefined":12,"s:115:4:117:Infinity":42,"s:116:6:116:Infinity":43,"s:118:4:118:Infinity":44,"s:121:2:121:Infinity":45}}}
,"C:\\Users\\Hikmah-Adepoju\\inceptionu\\Miss-Buzzie\\src\\hooks\\usePWAUpdate.ts": {"path":"C:\\Users\\Hikmah-Adepoju\\inceptionu\\Miss-Buzzie\\src\\hooks\\usePWAUpdate.ts","statementMap":{"0":{"start":{"line":19,"column":45},"end":{"line":19,"column":null}},"1":{"start":{"line":20,"column":37},"end":{"line":20,"column":null}},"2":{"start":{"line":22,"column":2},"end":{"line":65,"column":null}},"3":{"start":{"line":24,"column":4},"end":{"line":27,"column":null}},"4":{"start":{"line":25,"column":6},"end":{"line":25,"column":null}},"5":{"start":{"line":26,"column":6},"end":{"line":26,"column":null}},"6":{"start":{"line":29,"column":4},"end":{"line":29,"column":null}},"7":{"start":{"line":32,"column":26},"end":{"line":37,"column":null}},"8":{"start":{"line":33,"column":6},"end":{"line":36,"column":null}},"9":{"start":{"line":34,"column":8},"end":{"line":34,"column":null}},"10":{"start":{"line":35,"column":8},"end":{"line":35,"column":null}},"11":{"start":{"line":39,"column":4},"end":{"line":39,"column":null}},"12":{"start":{"line":42,"column":4},"end":{"line":60,"column":null}},"13":{"start":{"line":44,"column":6},"end":{"line":46,"column":null}},"14":{"start":{"line":45,"column":8},"end":{"line":45,"column":null}},"15":{"start":{"line":49,"column":6},"end":{"line":59,"column":null}},"16":{"start":{"line":50,"column":26},"end":{"line":50,"column":49}},"17":{"start":{"line":51,"column":8},"end":{"line":58,"column":null}},"18":{"start":{"line":52,"column":10},"end":{"line":57,"column":null}},"19":{"start":{"line":53,"column":12},"end":{"line":56,"column":null}},"20":{"start":{"line":55,"column":14},"end":{"line":55,"column":null}},"21":{"start":{"line":62,"column":4},"end":{"line":64,"column":null}},"22":{"start":{"line":63,"column":6},"end":{"line":63,"column":null}},"23":{"start":{"line":67,"column":8},"end":{"line":70,"column":null}},"24":{"start":{"line":69,"column":4},"end":{"line":69,"column":null}},"25":{"start":{"line":72,"column":8},"end":{"line":74,"column":null}},"26":{"start":{"line":73,"column":4},"end":{"line":73,"column":null}},"27":{"start":{"line":76,"column":2},"end":{"line":81,"column":null}}},"fnMap":{"0":{"name":"usePWAUpdate","decl":{"start":{"line":18,"column":16},"end":{"line":18,"column":null}},"loc":{"start":{"line":18,"column":16},"end":{"line":82,"column":null}},"line":18},"1":{"name":"(anonymous_1)","decl":{"start":{"line":22,"column":12},"end":{"line":22,"column":null}},"loc":{"start":{"line":22,"column":12},"end":{"line":65,"column":5}},"line":22},"2":{"name":"(anonymous_2)","decl":{"start":{"line":32,"column":26},"end":{"line":32,"column":27}},"loc":{"start":{"line":32,"column":27},"end":{"line":37,"column":null}},"line":32},"3":{"name":"(anonymous_3)","decl":{"start":{"line":42,"column":39},"end":{"line":42,"column":40}},"loc":{"start":{"line":42,"column":40},"end":{"line":60,"column":null}},"line":42},"4":{"name":"(anonymous_4)","decl":{"start":{"line":49,"column":51},"end":{"line":49,"column":null}},"loc":{"start":{"line":49,"column":51},"end":{"line":59,"column":null}},"line":49},"5":{"name":"(anonymous_5)","decl":{"start":{"line":52,"column":52},"end":{"line":52,"column":null}},"loc":{"start":{"line":52,"column":52},"end":{"line":57,"column":null}},"line":52},"6":{"name":"(anonymous_6)","decl":{"start":{"line":62,"column":11},"end":{"line":62,"column":null}},"loc":{"start":{"line":62,"column":11},"end":{"line":64,"column":null}},"line":62},"7":{"name":"(anonymous_7)","decl":{"start":{"line":67,"column":32},"end":{"line":67,"column":null}},"loc":{"start":{"line":67,"column":32},"end":{"line":70,"column":5}},"line":67},"8":{"name":"(anonymous_8)","decl":{"start":{"line":72,"column":36},"end":{"line":72,"column":null}},"loc":{"start":{"line":72,"column":36},"end":{"line":74,"column":5}},"line":72}},"branchMap":{"0":{"loc":{"start":{"line":24,"column":4},"end":{"line":27,"column":null}},"type":"if","locations":[{"start":{"line":24,"column":4},"end":{"line":27,"column":null}},{"start":{},"end":{}}],"line":24},"1":{"loc":{"start":{"line":33,"column":6},"end":{"line":36,"column":null}},"type":"if","locations":[{"start":{"line":33,"column":6},"end":{"line":36,"column":null}},{"start":{},"end":{}}],"line":33},"2":{"loc":{"start":{"line":33,"column":10},"end":{"line":33,"column":58}},"type":"binary-expr","locations":[{"start":{"line":33,"column":10},"end":{"line":33,"column":20}},{"start":{"line":33,"column":24},"end":{"line":33,"column":58}}],"line":33},"3":{"loc":{"start":{"line":44,"column":6},"end":{"line":46,"column":null}},"type":"if","locations":[{"start":{"line":44,"column":6},"end":{"line":46,"column":null}},{"start":{},"end":{}}],"line":44},"4":{"loc":{"start":{"line":51,"column":8},"end":{"line":58,"column":null}},"type":"if","locations":[{"start":{"line":51,"column":8},"end":{"line":58,"column":null}},{"start":{},"end":{}}],"line":51},"5":{"loc":{"start":{"line":53,"column":12},"end":{"line":56,"column":null}},"type":"if","locations":[{"start":{"line":53,"column":12},"end":{"line":56,"column":null}},{"start":{},"end":{}}],"line":53},"6":{"loc":{"start":{"line":53,"column":16},"end":{"line":53,"column":85}},"type":"binary-expr","locations":[{"start":{"line":53,"column":16},"end":{"line":53,"column":51}},{"start":{"line":53,"column":51},"end":{"line":53,"column":85}}],"line":53}},"s":{"0":0,"1":0,"2":0,"3":0,"4":0,"5":0,"6":0,"7":0,"8":0,"9":0,"10":0,"11":0,"12":0,"13":0,"14":0,"15":0,"16":0,"17":0,"18":0,"19":0,"20":0,"21":0,"22":0,"23":0,"24":0,"25":0,"26":0,"27":0},"f":{"0":0,"1":0,"2":0,"3":0,"4":0,"5":0,"6":0,"7":0,"8":0},"b":{"0":[0,0],"1":[0,0],"2":[0,0],"3":[0,0],"4":[0,0],"5":[0,0],"6":[0,0]},"meta":{"lastBranch":7,"lastFunction":9,"lastStatement":28,"seen":{"f:18:16:18:Infinity":0,"s:19:45:19:Infinity":0,"s:20:37:20:Infinity":1,"s:22:2:65:Infinity":2,"f:22:12:22:Infinity":1,"b:24:4:27:Infinity:undefined:undefined:undefined:undefined":0,"s:24:4:27:Infinity":3,"s:25:6:25:Infinity":4,"s:26:6:26:Infinity":5,"s:29:4:29:Infinity":6,"s:32:26:37:Infinity":7,"f:32:26:32:27":2,"b:33:6:36:Infinity:undefined:undefined:undefined:undefined":1,"s:33:6:36:Infinity":8,"b:33:10:33:20:33:24:33:58":2,"s:34:8:34:Infinity":9,"s:35:8:35:Infinity":10,"s:39:4:39:Infinity":11,"s:42:4:60:Infinity":12,"f:42:39:42:40":3,"b:44:6:46:Infinity:undefined:undefined:undefined:undefined":3,"s:44:6:46:Infinity":13,"s:45:8:45:Infinity":14,"s:49:6:59:Infinity":15,"f:49:51:49:Infinity":4,"s:50:26:50:49":16,"b:51:8:58:Infinity:undefined:undefined:undefined:undefined":4,"s:51:8:58:Infinity":17,"s:52:10:57:Infinity":18,"f:52:52:52:Infinity":5,"b:53:12:56:Infinity:undefined:undefined:undefined:undefined":5,"s:53:12:56:Infinity":19,"b:53:16:53:51:53:51:53:85":6,"s:55:14:55:Infinity":20,"s:62:4:64:Infinity":21,"f:62:11:62:Infinity":6,"s:63:6:63:Infinity":22,"s:67:8:70:Infinity":23,"f:67:32:67:Infinity":7,"s:69:4:69:Infinity":24,"s:72:8:74:Infinity":25,"f:72:36:72:Infinity":8,"s:73:4:73:Infinity":26,"s:76:2:81:Infinity":27}}}
,"C:\\Users\\Hikmah-Adepoju\\inceptionu\\Miss-Buzzie\\src\\lib\\validators\\schemas.ts": {"path":"C:\\Users\\Hikmah-Adepoju\\inceptionu\\Miss-Buzzie\\src\\lib\\validators\\schemas.ts","statementMap":{"0":{"start":{"line":8,"column":32},"end":{"line":18,"column":null}},"1":{"start":{"line":22,"column":30},"end":{"line":25,"column":null}},"2":{"start":{"line":28,"column":30},"end":{"line":33,"column":null}},"3":{"start":{"line":37,"column":28},"end":{"line":40,"column":null}},"4":{"start":{"line":43,"column":27},"end":{"line":47,"column":null}},"5":{"start":{"line":49,"column":33},"end":{"line":55,"column":null}},"6":{"start":{"line":59,"column":31},"end":{"line":65,"column":null}},"7":{"start":{"line":68,"column":33},"end":{"line":68,"column":null}},"8":{"start":{"line":71,"column":35},"end":{"line":77,"column":null}},"9":{"start":{"line":80,"column":35},"end":{"line":80,"column":null}},"10":{"start":{"line":83,"column":34},"end":{"line":91,"column":null}},"11":{"start":{"line":95,"column":26},"end":{"line":103,"column":null}},"12":{"start":{"line":106,"column":34},"end":{"line":106,"column":null}},"13":{"start":{"line":109,"column":32},"end":{"line":113,"column":null}},"14":{"start":{"line":115,"column":27},"end":{"line":119,"column":null}},"15":{"start":{"line":122,"column":35},"end":{"line":122,"column":null}},"16":{"start":{"line":125,"column":37},"end":{"line":133,"column":null}},"17":{"start":{"line":136,"column":32},"end":{"line":147,"column":null}},"18":{"start":{"line":150,"column":26},"end":{"line":155,"column":null}},"19":{"start":{"line":158,"column":32},"end":{"line":163,"column":null}},"20":{"start":{"line":166,"column":40},"end":{"line":185,"column":null}},"21":{"start":{"line":189,"column":32},"end":{"line":195,"column":null}},"22":{"start":{"line":198,"column":32},"end":{"line":198,"column":null}},"23":{"start":{"line":200,"column":33},"end":{"line":204,"column":null}},"24":{"start":{"line":209,"column":32},"end":{"line":221,"column":null}},"25":{"start":{"line":225,"column":32},"end":{"line":239,"column":null}},"26":{"start":{"line":229,"column":2},"end":{"line":238,"column":null}},"27":{"start":{"line":230,"column":19},"end":{"line":230,"column":null}},"28":{"start":{"line":231,"column":19},"end":{"line":231,"column":null}},"29":{"start":{"line":232,"column":4},"end":{"line":234,"column":null}},"30":{"start":{"line":233,"column":6},"end":{"line":233,"column":null}},"31":{"start":{"line":235,"column":4},"end":{"line":235,"column":null}},"32":{"start":{"line":237,"column":4},"end":{"line":237,"column":null}}},"fnMap":{"0":{"name":"(anonymous_0)","decl":{"start":{"line":225,"column":32},"end":{"line":225,"column":null}},"loc":{"start":{"line":227,"column":2},"end":{"line":239,"column":null}},"line":227}},"branchMap":{"0":{"loc":{"start":{"line":232,"column":4},"end":{"line":234,"column":null}},"type":"if","locations":[{"start":{"line":232,"column":4},"end":{"line":234,"column":null}},{"start":{},"end":{}}],"line":232}},"s":{"0":1,"1":1,"2":1,"3":1,"4":1,"5":1,"6":1,"7":1,"8":1,"9":1,"10":1,"11":1,"12":1,"13":1,"14":1,"15":1,"16":1,"17":1,"18":1,"19":1,"20":1,"21":1,"22":1,"23":1,"24":1,"25":1,"26":3,"27":3,"28":3,"29":3,"30":1,"31":1,"32":1},"f":{"0":3},"b":{"0":[1,2]},"meta":{"lastBranch":1,"lastFunction":1,"lastStatement":33,"seen":{"s:8:32:18:Infinity":0,"s:22:30:25:Infinity":1,"s:28:30:33:Infinity":2,"s:37:28:40:Infinity":3,"s:43:27:47:Infinity":4,"s:49:33:55:Infinity":5,"s:59:31:65:Infinity":6,"s:68:33:68:Infinity":7,"s:71:35:77:Infinity":8,"s:80:35:80:Infinity":9,"s:83:34:91:Infinity":10,"s:95:26:103:Infinity":11,"s:106:34:106:Infinity":12,"s:109:32:113:Infinity":13,"s:115:27:119:Infinity":14,"s:122:35:122:Infinity":15,"s:125:37:133:Infinity":16,"s:136:32:147:Infinity":17,"s:150:26:155:Infinity":18,"s:158:32:163:Infinity":19,"s:166:40:185:Infinity":20,"s:189:32:195:Infinity":21,"s:198:32:198:Infinity":22,"s:200:33:204:Infinity":23,"s:209:32:221:Infinity":24,"s:225:32:239:Infinity":25,"f:225:32:225:Infinity":0,"s:229:2:238:Infinity":26,"s:230:19:230:Infinity":27,"s:231:19:231:Infinity":28,"b:232:4:234:Infinity:undefined:undefined:undefined:undefined":0,"s:232:4:234:Infinity":29,"s:233:6:233:Infinity":30,"s:235:4:235:Infinity":31,"s:237:4:237:Infinity":32}}}
}
